<?xml version="1.0" encoding="UTF-8"?>
<!-- Generated by org.testng.reporters.JUnitXMLReporter -->
<testsuite ignored="0" hostname="DESKTOP-G9L5PQ2" failures="0" tests="4" name="Test" time="24.225" errors="0" timestamp="2023-01-07T17:49:25 IST">
  <testcase classname="TestCases.ParallelTest" name="setup4" time="8.6"/>
  <testcase classname="TestCases.ParallelTest" name="setup2" time="8.639"/>
  <testcase classname="TestCases.ParallelTest" name="setup1" time="23.546"/>
  <testcase classname="TestCases.ParallelTest" name="setup3" time="24.163"/>
</testsuite> <!-- Test -->
