<?xml version="1.0" encoding="UTF-8"?>
<!-- Generated by org.testng.reporters.JUnitXMLReporter -->
<testsuite ignored="4" hostname="DESKTOP-G9L5PQ2" failures="0" tests="1" name="Default test(failed)(failed)" time="5.315" errors="0" timestamp="2023-01-13T22:27:02 IST">
  <testcase classname="TestCases.LoginPageTest" name="verifyLoginLogoTest" time="0.071"/>
  <testcase classname="TestCases.LoginPageTest" name="loginToAppTest" time="0.0">
    <ignored/>
  </testcase> <!-- loginToAppTest -->
  <testcase classname="TestCases.LoginPageTest" name="veriFyBotLogoTest" time="0.0">
    <ignored/>
  </testcase> <!-- veriFyBotLogoTest -->
  <testcase classname="TestCases.LoginPageTest" name="verifyTitleTest" time="0.0">
    <ignored/>
  </testcase> <!-- verifyTitleTest -->
  <testcase classname="TestCases.LoginPageTest" name="verifyCurrentUrlTest" time="0.0">
    <ignored/>
  </testcase> <!-- verifyCurrentUrlTest -->
</testsuite> <!-- Default test(failed)(failed) -->
