<?xml version="1.0" encoding="UTF-8"?>
<!-- Generated by org.testng.reporters.JUnitXMLReporter -->
<testsuite ignored="6" hostname="DESKTOP-G9L5PQ2" failures="0" tests="3" name="Test(failed)" time="38.377" errors="0" timestamp="2023-01-06T15:00:08 IST">
  <testcase classname="TestCases.GroupTest2" name="veriFyBotLogoTest" time="0.038"/>
  <testcase classname="TestCases.GroupTest2" name="verifyTitleTest" time="0.012"/>
  <testcase classname="TestCases.FailedTestCase" name="verifypeekLogoTest" time="0.117"/>
  <testcase classname="TestCases.FailedTestCase" name="addProductTest" time="0.0">
    <ignored/>
  </testcase> <!-- addProductTest -->
  <testcase classname="TestCases.FailedTestCase" name="verifyProductLableOfInventryTest" time="0.0">
    <ignored/>
  </testcase> <!-- verifyProductLableOfInventryTest -->
  <testcase classname="TestCases.GroupTest2" name="verifyLoginLogoTest" time="0.0">
    <ignored/>
  </testcase> <!-- verifyLoginLogoTest -->
  <testcase classname="TestCases.GroupTest2" name="verifyCurrentUrlTest" time="0.0">
    <ignored/>
  </testcase> <!-- verifyCurrentUrlTest -->
  <testcase classname="TestCases.FailedTestCase" name="cartLinkClickTest" time="0.0">
    <ignored/>
  </testcase> <!-- cartLinkClickTest -->
  <testcase classname="TestCases.GroupTest2" name="loginToAppTest" time="0.0">
    <ignored/>
  </testcase> <!-- loginToAppTest -->
</testsuite> <!-- Test(failed) -->
