<?xml version="1.0" encoding="UTF-8"?>
<testng-results ignored="0" total="2" passed="2" failed="0" skipped="0">
  <reporter-output>
  </reporter-output>
  <suite started-at="2023-01-13T23:12:24 IST" name="Default suite" finished-at="2023-01-13T23:12:55 IST" duration-ms="30990">
    <groups>
    </groups>
    <test started-at="2023-01-13T23:12:24 IST" name="Default test" finished-at="2023-01-13T23:12:55 IST" duration-ms="30990">
      <class name="TestCases.CheckOutPage1Test">
        <test-method is-config="true" signature="setup()[pri:0, instance:TestCases.CheckOutPage1Test@a2431d0]" started-at="2023-01-13T23:12:24 IST" name="setup" finished-at="2023-01-13T23:12:38 IST" duration-ms="13693" status="PASS">
          <reporter-output>
          </reporter-output>
        </test-method> <!-- setup -->
        <test-method signature="verifycheckOutInfomationLableTest()[pri:0, instance:TestCases.CheckOutPage1Test@a2431d0]" started-at="2023-01-13T23:12:38 IST" name="verifycheckOutInfomationLableTest" finished-at="2023-01-13T23:12:38 IST" duration-ms="74" status="PASS">
          <reporter-output>
          </reporter-output>
        </test-method> <!-- verifycheckOutInfomationLableTest -->
        <test-method is-config="true" signature="closeBrowser()[pri:0, instance:TestCases.CheckOutPage1Test@a2431d0]" started-at="2023-01-13T23:12:38 IST" name="closeBrowser" finished-at="2023-01-13T23:12:38 IST" duration-ms="135" status="PASS">
          <reporter-output>
          </reporter-output>
        </test-method> <!-- closeBrowser -->
        <test-method is-config="true" signature="setup()[pri:0, instance:TestCases.CheckOutPage1Test@a2431d0]" started-at="2023-01-13T23:12:38 IST" name="setup" finished-at="2023-01-13T23:12:48 IST" duration-ms="10730" status="PASS">
          <reporter-output>
          </reporter-output>
        </test-method> <!-- setup -->
        <test-method signature="verifycheckOutInfomationTest()[pri:0, instance:TestCases.CheckOutPage1Test@a2431d0]" started-at="2023-01-13T23:12:48 IST" name="verifycheckOutInfomationTest" finished-at="2023-01-13T23:12:55 IST" duration-ms="6095" status="PASS">
          <reporter-output>
          </reporter-output>
        </test-method> <!-- verifycheckOutInfomationTest -->
        <test-method is-config="true" signature="closeBrowser()[pri:0, instance:TestCases.CheckOutPage1Test@a2431d0]" started-at="2023-01-13T23:12:55 IST" name="closeBrowser" finished-at="2023-01-13T23:12:55 IST" duration-ms="201" status="PASS">
          <reporter-output>
          </reporter-output>
        </test-method> <!-- closeBrowser -->
      </class> <!-- TestCases.CheckOutPage1Test -->
    </test> <!-- Default test -->
  </suite> <!-- Default suite -->
</testng-results>
